2016-08-22 08:26:04,574 - os.name - Windows 10
2016-08-22 08:26:04,575 - os.arch - amd64
2016-08-22 08:26:04,575 - os.version - 10.0
2016-08-22 08:26:04,575 - java.version - 1.8.0_91
2016-08-22 08:26:04,575 - java.vendor - Oracle Corporation
2016-08-22 08:26:04,575 - java.vendor.url - http://java.oracle.com/
2016-08-22 08:26:04,575 - java.home - C:\Program Files\Java\jre1.8.0_91
2016-08-22 08:26:04,575 - java.vm.specification.name - Java Virtual Machine Specification
2016-08-22 08:26:04,575 - java.vm.specification.vendor - Oracle Corporation
2016-08-22 08:26:04,576 - java.vm.specification.version - 1.8
2016-08-22 08:26:04,576 - java.class.path - C:\Users\koushal\eclipse\android-neon\eclipse\\plugins/org.eclipse.equinox.launcher_1.3.200.v20160318-1642.jar
2016-08-22 08:26:04,576 - java.library.path - C:\Users\koushal\eclipse\android-neon\eclipse;C:\WINDOWS\Sun\Java\bin;C:\WINDOWS\system32;C:\WINDOWS;C:/Program Files/Java/jre1.8.0_91/bin/server;C:/Program Files/Java/jre1.8.0_91/bin;C:/Program Files/Java/jre1.8.0_91/lib/amd64;C:\ProgramData\Oracle\Java\javapath;C:\oraclexe\app\oracle\product\10.2.0\server\bin;C:\Program Files (x86)\Intel\iCLS Client\;C:\Program Files\Intel\iCLS Client\;C:\WINDOWS\system32;C:\WINDOWS;C:\WINDOWS\System32\Wbem;C:\WINDOWS\System32\WindowsPowerShell\v1.0\;C:\Program Files\Intel\Intel(R) Management Engine Components\DAL;C:\Program Files (x86)\Intel\Intel(R) Management Engine Components\DAL;C:\Program Files\Intel\Intel(R) Management Engine Components\IPT;C:\Program Files (x86)\Intel\Intel(R) Management Engine Components\IPT;C:\Program Files (x86)\Java\jdk1.7.0\bin;C:\Program Files (x86)\Microsoft SQL Server\110\Tools\Binn\;C:\Program Files (x86)\Microsoft SQL Server\110\DTS\Binn\;C:\Program Files (x86)\Microsoft SQL Server\110\Tools\Binn\ManagementStudio\;C:\Program Files (x86)\Skype\Phone\;C:\Program Files\nodejs\;D:\SDK\tools;D:\SDK\platform-tools;C:\Users\koushal\.dnx\bin;C:\Program Files\Microsoft DNX\Dnvm\;C:\Program Files\Microsoft SQL Server\130\Tools\Binn\;C:\Program Files (x86)\Windows Kits\10\Windows Performance Toolkit\;C:\Program Files\Git\cmd;C:\Ruby23-x64\bin;C:\Users\koushal\Anaconda2;C:\Users\koushal\Anaconda2\Scripts;C:\Program Files (x86)\Java\jdk1.7.0\bin;C:\Program Files\MongoDB\Server\3.2\bin;C:\Users\koushal\AppData\Roaming\npm;C:\WINDOWS\System32;;.
2016-08-22 08:26:04,576 - --------------------------------------
2016-08-22 08:26:04,576 - ## Eclipse Plug-ins Log Information ##
2016-08-22 08:26:04,576 - --------------------------------------
2016-08-22 08:26:04,752 - javax.el - 2.2.0.v201303151357
2016-08-22 08:26:04,772 - javax.servlet - 3.1.0.v201410161800
2016-08-22 08:26:04,792 - javax.servlet.jsp - 2.2.0.v201112011158
2016-08-22 08:26:04,803 - com.sun.el - 2.2.0.v201303151357
2016-08-22 08:26:04,804 - org.apache.commons.logging - 1.1.1.v201101211721
2016-08-22 08:26:04,831 - org.apache.jasper.glassfish - 2.2.2.v201501141630
2016-08-22 08:26:04,850 - org.apache.lucene.analysis - 3.5.0.v20120725-1805
2016-08-22 08:26:04,885 - org.apache.lucene.core - 3.5.0.v20120725-1805
2016-08-22 08:26:04,958 - org.eclipse.equinox.http.jetty - 3.3.0.v20160324-1850
2016-08-22 08:26:05,053 - org.eclipse.equinox.http.registry - 1.1.400.v20150715-1528
2016-08-22 08:26:05,067 - org.eclipse.equinox.http.servlet - 1.3.0.v20160517-1559
2016-08-22 08:26:05,140 - org.eclipse.equinox.jsp.jasper - 1.0.500.v20150119-1358
2016-08-22 08:26:05,181 - org.eclipse.equinox.jsp.jasper.registry - 1.0.300.v20130327-1442
2016-08-22 08:26:05,181 - org.eclipse.help.base - 4.1.0.v20160606-1100
2016-08-22 08:26:05,191 - org.eclipse.help.ui - 4.0.200.v20160510-0758
2016-08-22 08:26:05,210 - org.eclipse.help.webapp - 3.8.0.v20160504-0839
2016-08-22 08:26:05,317 - org.eclipse.jetty.continuation - 9.3.9.v20160517
2016-08-22 08:26:05,329 - org.eclipse.jetty.http - 9.3.9.v20160517
2016-08-22 08:26:05,340 - org.eclipse.jetty.io - 9.3.9.v20160517
2016-08-22 08:26:05,354 - org.eclipse.jetty.security - 9.3.9.v20160517
2016-08-22 08:26:05,374 - org.eclipse.jetty.server - 9.3.9.v20160517
2016-08-22 08:26:05,394 - org.eclipse.jetty.servlet - 9.3.9.v20160517
2016-08-22 08:26:05,412 - org.eclipse.jetty.util - 9.3.9.v20160517
2016-08-22 08:26:05,412 - org.eclipse.core.net - 1.3.0.v20160418-1534
2016-08-22 08:26:05,493 - org.eclipse.equinox.security - 1.2.200.v20150715-1528
2016-08-22 08:26:05,561 - org.eclipse.andmore.hierarchyviewer - 0.5.0.201605181018
2016-08-22 08:26:05,635 - org.eclipse.mylyn.bugzilla.core - 3.20.0.v20160425-1835
2016-08-22 08:26:05,636 - org.eclipse.mylyn.bugzilla.ui - 3.20.0.v20160425-1835
2016-08-22 08:26:05,771 - org.eclipse.sequoyah.device.backward - 2.1.0.N20120718-0509
2016-08-22 08:26:05,771 - org.eclipse.sequoyah.device.framework - 2.1.0.N20120718-0509
2016-08-22 08:26:05,780 - org.eclipse.sequoyah.device.framework.ui - 2.1.0.N20120718-0509
2016-08-22 08:26:05,863 - org.eclipse.sequoyah.device.service.start - 2.1.0.N20120718-0509
2016-08-22 08:26:05,952 - org.eclipse.sequoyah.device.service.stop - 2.1.0.N20120718-0509
2016-08-22 08:26:06,053 - org.eclipse.sequoyah.device.framework.wizard - 2.1.0.N20120718-0509
2016-08-22 08:26:06,119 - org.eclipse.buildship.core - 1.0.15.v20160425-1638
2016-08-22 08:26:06,132 - org.eclipse.buildship.ui - 1.0.15.v20160425-1638
2016-08-22 08:26:06,132 - org.eclipse.buildship.branding - 1.0.15.v20160425-1638
2016-08-22 08:26:06,204 - org.eclipse.buildship.stsmigration - 1.0.15.v20160425-1638
2016-08-22 08:26:06,275 - org.eclipse.mylyn.tasks.core - 3.20.0.v20160608-1838
2016-08-22 08:26:06,355 - org.eclipse.mylyn.tasks.index.core - 3.20.0.v20160425-1835
2016-08-22 08:26:06,438 - org.eclipse.mylyn.tasks.index.ui - 3.20.0.v20160425-1835
2016-08-22 08:26:06,454 - org.eclipse.mylyn.tasks.search - 3.20.0.v20160425-1835
2016-08-22 08:26:06,475 - org.eclipse.mylyn.tasks.ui - 3.20.0.v20160608-1838
2016-08-22 08:26:06,552 - org.eclipse.egit.core - 4.4.0.201606070830-r
2016-08-22 08:26:06,564 - org.eclipse.egit.ui - 4.4.0.201606070830-r
2016-08-22 08:26:06,564 - org.eclipse.egit - 4.4.0.201606070830-r
2016-08-22 08:26:06,602 - org.eclipse.egit.doc - 4.4.0.201606070830-r
2016-08-22 08:26:06,667 - org.eclipse.aether.maven - 3.1.0.v20140706-2237
2016-08-22 08:26:06,741 - org.eclipse.gef - 3.11.0.201606061308
2016-08-22 08:26:06,926 - org.eclipse.mylyn.commons.identity.core - 1.12.0.v20160421-1819
2016-08-22 08:26:06,993 - org.eclipse.oomph.p2 - 1.4.0.v20160426-0423
2016-08-22 08:26:07,004 - org.eclipse.oomph.p2.core - 1.4.0.v20160606-0856
2016-08-22 08:26:07,005 - org.eclipse.oomph.p2.edit - 1.4.0.v20160426-0423
2016-08-22 08:26:07,013 - org.eclipse.oomph.p2.ui - 1.4.0.v20160426-0423
2016-08-22 08:26:07,029 - org.eclipse.oomph.p2.doc - 1.4.0.v20160426-0423
2016-08-22 08:26:07,116 - org.eclipse.datatools.enablement.sqlite - 1.1.0.201603142002
2016-08-22 08:26:07,172 - org.eclipse.datatools.enablement.sqlite.dbdefinition - 1.1.0.201603142002
2016-08-22 08:26:07,235 - org.eclipse.datatools.enablement.sqlite.ui - 1.1.0.201603142002
2016-08-22 08:26:07,235 - org.eclipse.datatools.enablement.finfo - 1.6.0.201603142002
2016-08-22 08:26:07,284 - org.eclipse.emf.codegen.ui - 2.6.0.v20160526-0356
2016-08-22 08:26:07,383 - org.eclipse.mylyn.commons.notifications.core - 1.12.0.v20160421-1819
2016-08-22 08:26:07,383 - org.eclipse.mylyn.commons.notifications.feed - 1.12.0.v20160421-1819
2016-08-22 08:26:07,407 - org.eclipse.mylyn.commons.notifications.ui - 1.12.0.v20160421-1819
2016-08-22 08:26:07,489 - org.eclipse.emf.converter - 2.7.0.v20160526-0356
2016-08-22 08:26:07,506 - org.eclipse.emf.importer - 2.9.0.v20160526-0356
2016-08-22 08:26:07,532 - org.eclipse.emf.exporter - 2.7.0.v20160526-0356
2016-08-22 08:26:07,696 - org.eclipse.emf.importer.ecore - 2.8.0.v20160526-0356
2016-08-22 08:26:07,726 - org.eclipse.emf.importer.java - 2.7.0.v20160526-0356
2016-08-22 08:26:07,744 - org.eclipse.emf.importer.rose - 2.8.0.v20160526-0356
2016-08-22 08:26:07,809 - org.eclipse.emf.edit.ui - 2.12.0.v20160526-0356
2016-08-22 08:26:07,890 - org.eclipse.help - 3.7.0.v20160602-1307
2016-08-22 08:26:07,911 - org.eclipse.ui - 3.108.0.v20160518-1929
2016-08-22 08:26:07,916 - org.eclipse.ui.workbench - 3.108.0.v20160602-1232
2016-08-22 08:26:07,917 - org.eclipse.update.configurator - 3.3.400.v20160506-0750
2016-08-22 08:26:07,917 - org.eclipse.rcp - 4.6.0.v20160606-1100
2016-08-22 08:26:08,007 - org.eclipse.recommenders.rcp - 2.4.0.v20160607-1609
2016-08-22 08:26:08,129 - org.eclipse.recommenders.apidocs - 2.4.0.v20160607-1609
2016-08-22 08:26:08,147 - org.eclipse.recommenders.apidocs.rcp - 2.4.0.v20160607-1609
2016-08-22 08:26:08,253 - org.eclipse.recommenders.calls - 2.4.0.v20160607-1609
2016-08-22 08:26:08,268 - org.eclipse.recommenders.calls.rcp - 2.4.0.v20160607-1609
2016-08-22 08:26:08,284 - org.eclipse.recommenders.chain.rcp - 2.4.0.v20160607-1609
2016-08-22 08:26:08,297 - org.eclipse.recommenders.completion.rcp - 2.4.0.v20160607-1609
2016-08-22 08:26:08,344 - org.eclipse.recommenders.constructors - 2.4.0.v20160607-1609
2016-08-22 08:26:08,411 - org.eclipse.recommenders.constructors.rcp - 2.4.0.v20160607-1609
2016-08-22 08:26:08,496 - org.eclipse.recommenders.coordinates - 2.4.0.v20160607-1609
2016-08-22 08:26:08,505 - org.eclipse.recommenders.coordinates.rcp - 2.4.0.v20160607-1609
2016-08-22 08:26:08,561 - org.eclipse.recommenders.injection - 2.4.0.v20160607-1609
2016-08-22 08:26:08,630 - org.eclipse.recommenders.jayes - 2.4.0.v20160607-1609
2016-08-22 08:26:08,776 - org.eclipse.recommenders.jayes.io - 2.4.0.v20160607-1609
2016-08-22 08:26:08,897 - org.eclipse.recommenders.jdt - 2.4.0.v20160607-1609
2016-08-22 08:26:08,917 - org.eclipse.recommenders.models - 2.4.0.v20160607-1609
2016-08-22 08:26:08,924 - org.eclipse.recommenders.models.rcp - 2.4.0.v20160607-1609
2016-08-22 08:26:08,983 - org.eclipse.recommenders.net - 2.4.0.v20160607-1609
2016-08-22 08:26:09,051 - org.eclipse.recommenders.overrides - 2.4.0.v20160607-1609
2016-08-22 08:26:09,111 - org.eclipse.recommenders.overrides.rcp - 2.4.0.v20160607-1609
2016-08-22 08:26:09,184 - org.eclipse.recommenders.subwords.rcp - 2.4.0.v20160607-1609
2016-08-22 08:26:09,268 - org.eclipse.recommenders.types.rcp - 2.4.0.v20160607-1609
2016-08-22 08:26:09,285 - org.eclipse.recommenders.utils - 2.4.0.v20160607-1609
2016-08-22 08:26:09,388 - org.eclipse.recommenders.utils.rcp - 2.4.0.v20160607-1609
2016-08-22 08:26:09,597 - org.eclipse.mylyn.commons.repositories.http.core - 1.12.0.v20160421-1819
2016-08-22 08:26:09,775 - org.eclipse.datatools.connectivity.oda.design.ui - 3.3.0.201603142002
2016-08-22 08:26:09,778 - org.eclipse.datatools.connectivity.ui.dse - 1.2.0.201603142002
2016-08-22 08:26:09,804 - org.eclipse.datatools.connectivity.ui - 1.3.0.201603142002
2016-08-22 08:26:09,835 - org.eclipse.datatools.connectivity.sqm.core - 1.3.0.201603142002
2016-08-22 08:26:09,924 - org.eclipse.datatools.help - 1.6.0.201603142002
2016-08-22 08:26:09,997 - org.eclipse.jdt - 3.12.0.v20160606-1100
2016-08-22 08:26:10,059 - org.eclipse.ant.ui - 3.6.200.v20160525-1820
2016-08-22 08:26:10,081 - org.eclipse.jdt.apt.core - 3.4.100.v20160525-0952
2016-08-22 08:26:10,103 - org.eclipse.jdt.apt.ui - 3.4.100.v20160418-1457
2016-08-22 08:26:10,228 - org.eclipse.jdt.apt.pluggable.core - 1.1.100.v20160418-1457
2016-08-22 08:26:10,229 - org.eclipse.jdt.compiler.apt - 1.2.100.v20160418-1457
2016-08-22 08:26:10,229 - org.eclipse.jdt.compiler.tool - 1.1.100.v20160418-1457
2016-08-22 08:26:10,245 - org.eclipse.jdt.core - 3.12.0.v20160516-2131
2016-08-22 08:26:10,312 - org.eclipse.jdt.annotation - 2.1.0.v20160418-1457
2016-08-22 08:26:10,312 - org.eclipse.jdt.annotation - 2.1.0.v20160418-1457
2016-08-22 08:26:10,313 - org.eclipse.jdt.core.manipulation - 1.7.0.v20160419-0705
2016-08-22 08:26:10,326 - org.eclipse.jdt.debug.ui - 3.7.200.v20160423-1519
2016-08-22 08:26:10,416 - org.eclipse.jdt.debug - 3.10.0.v20160418-1524
2016-08-22 08:26:10,431 - org.eclipse.jdt.junit - 3.9.0.v20160421-1701
2016-08-22 08:26:10,454 - org.eclipse.jdt.junit.core - 3.8.0.v20160421-1701
2016-08-22 08:26:10,476 - org.eclipse.jdt.junit.runtime - 3.4.600.v20160505-0715
2016-08-22 08:26:10,620 - org.eclipse.jdt.junit4.runtime - 1.1.600.v20160505-0715
2016-08-22 08:26:10,637 - org.eclipse.jdt.launching - 3.8.100.v20160505-0636
2016-08-22 08:26:10,670 - org.eclipse.jdt.ui - 3.12.0.v20160525-1829
2016-08-22 08:26:10,759 - org.junit - 4.12.0.v201504281640
2016-08-22 08:26:10,780 - org.hamcrest.core - 1.3.0.v201303031735
2016-08-22 08:26:10,809 - org.eclipse.jdt.doc.user - 3.12.0.v20160601-2148
2016-08-22 08:26:10,834 - org.eclipse.ant.launching - 1.1.200.v20160418-1631
2016-08-22 08:26:10,935 - org.eclipse.emf.common - 2.12.0.v20160420-0247
2016-08-22 08:26:11,025 - org.eclipse.sequoyah.vnc.vncviewer.vncviews - 2.1.0.N20120718-0509
2016-08-22 08:26:11,219 - org.eclipse.egit.mylyn.ui - 4.4.0.201606070830-r
2016-08-22 08:26:11,274 - org.eclipse.datatools.sqltools.common.ui - 1.1.0.201603142002
2016-08-22 08:26:11,327 - org.eclipse.datatools.sqltools.debugger.core - 1.1.0.201603142002
2016-08-22 08:26:11,351 - org.eclipse.datatools.sqltools.editor.core - 1.1.0.201603142002
2016-08-22 08:26:11,364 - org.eclipse.datatools.sqltools.plan - 1.1.0.201603142002
2016-08-22 08:26:11,485 - org.eclipse.datatools.sqltools.routineeditor - 1.1.0.201603142002
2016-08-22 08:26:11,502 - org.eclipse.datatools.sqltools.sql - 1.1.0.201603142002
2016-08-22 08:26:11,526 - org.eclipse.datatools.sqltools.sqleditor - 1.1.0.201603142002
2016-08-22 08:26:11,540 - org.eclipse.datatools.sqltools.sqlscrapbook - 1.1.0.201603142002
2016-08-22 08:26:11,540 - org.eclipse.datatools.help - 1.6.0.201603142002
2016-08-22 08:26:11,568 - org.eclipse.datatools.sqltools.db.generic - 1.1.0.201603142002
2016-08-22 08:26:11,590 - org.eclipse.datatools.sqltools.debugger.core.ui - 1.1.0.201603142002
2016-08-22 08:26:11,741 - org.eclipse.datatools.sqltools.editor.core.ui - 1.1.0.201603142002
2016-08-22 08:26:11,755 - org.eclipse.datatools.sqltools.result.ui - 1.2.0.201603142002
2016-08-22 08:26:11,778 - org.eclipse.datatools.sqltools.routineeditor.ui - 1.1.0.201603142002
2016-08-22 08:26:11,906 - org.eclipse.datatools.sqltools.sql.ui - 1.1.0.201603142002
2016-08-22 08:26:12,005 - org.objectweb.asm - 5.0.1.v201404251740
2016-08-22 08:26:12,005 - org.eclipse.andmore - 0.5.0.201605181018
2016-08-22 08:26:12,516 - org.eclipse.andmore.base - 0.5.0.201605181018
2016-08-22 08:26:12,601 - org.eclipse.andmore.ddms - 0.5.0.201605181018
2016-08-22 08:26:12,734 - org.eclipse.andmore.overlay - 0.5.0.201605181018
2016-08-22 08:26:12,856 - org.apache.commons.codec - 1.6.0.v201305230611
2016-08-22 08:26:12,886 - org.apache.commons.compress - 1.6.0.v201310281400
2016-08-22 08:26:12,922 - org.apache.httpcomponents.httpclient - 4.3.6.v201511171540
2016-08-22 08:26:12,949 - org.apache.httpcomponents.httpcore - 4.3.3.v201411290715
2016-08-22 08:26:13,038 - org.eclipse.datatools.modelbase.dbdefinition - 1.1.0.201603142002
2016-08-22 08:26:13,065 - org.eclipse.datatools.modelbase.sql.edit - 1.1.0.201603142002
2016-08-22 08:26:13,089 - org.eclipse.datatools.modelbase.sql.query - 1.2.0.201603142002
2016-08-22 08:26:13,112 - org.eclipse.datatools.modelbase.sql.query.edit - 1.1.0.201603142002
2016-08-22 08:26:13,130 - org.eclipse.datatools.modelbase.sql.xml.query - 1.1.0.201603142002
2016-08-22 08:26:13,130 - org.eclipse.datatools.modelbase.sql - 1.1.0.201603142002
2016-08-22 08:26:13,217 - org.eclipse.oomph.setup.editor - 1.4.0.v20160505-0456
2016-08-22 08:26:13,413 - org.eclipse.oomph.setup.ui - 1.4.0.v20160530-1200
2016-08-22 08:26:13,445 - org.eclipse.oomph.setup.doc - 1.4.0.v20160426-0423
2016-08-22 08:26:13,477 - org.eclipse.oomph.setup.ui.questionnaire - 1.4.0.v20160530-1435
2016-08-22 08:26:13,478 - org.eclipse.oomph.jreinfo.ui - 1.4.0.v20160426-0423
2016-08-22 08:26:13,594 - org.eclipse.emf.mapping - 2.9.0.v20160526-0356
2016-08-22 08:26:13,702 - org.eclipse.emf.ecore - 2.12.0.v20160420-0247
2016-08-22 08:26:13,724 - org.eclipse.emf.ecore.change - 2.11.0.v20160420-0247
2016-08-22 08:26:13,733 - org.eclipse.emf.ecore.xmi - 2.12.0.v20160420-0247
2016-08-22 08:26:13,779 - org.eclipse.jgit - 4.4.0.201606070830-r
2016-08-22 08:26:13,859 - org.eclipse.jgit.archive - 4.4.0.201606070830-r
2016-08-22 08:26:13,867 - com.jcraft.jsch - 0.1.53.v201508180515
2016-08-22 08:26:13,883 - javaewah - 0.7.9.v201605172130
2016-08-22 08:26:13,883 - org.apache.commons.compress - 1.6.0.v201310281400
2016-08-22 08:26:13,884 - org.slf4j.api - 1.7.2.v20121108-1250
2016-08-22 08:26:13,884 - org.slf4j.impl.log4j12 - 1.7.2.v20131105-2200
2016-08-22 08:26:13,905 - org.apache.log4j - 1.2.15.v201012070815
2016-08-22 08:26:13,950 - org.eclipse.mylyn.wikitext.core - 2.9.0.v20160513-1433
2016-08-22 08:26:14,063 - org.eclipse.mylyn.wikitext.core.ant - 2.9.0.v20160513-1433
2016-08-22 08:26:14,120 - org.eclipse.mylyn.wikitext.core.osgi - 2.9.0.v20160513-1433
2016-08-22 08:26:14,141 - org.eclipse.mylyn.wikitext.textile.core - 2.9.0.v20160513-1433
2016-08-22 08:26:14,264 - org.eclipse.mylyn.wikitext.html.core - 2.9.0.v20160513-1433
2016-08-22 08:26:14,282 - org.eclipse.mylyn.wikitext.markdown.core - 2.9.0.v20160513-1433
2016-08-22 08:26:14,297 - org.eclipse.mylyn.wikitext.mediawiki.core - 2.9.0.v20160513-1433
2016-08-22 08:26:14,389 - org.eclipse.mylyn.wikitext.mediawiki.core.ant - 2.9.0.v20160513-1433
2016-08-22 08:26:14,407 - org.eclipse.mylyn.wikitext.confluence.core - 2.9.0.v20160513-1433
2016-08-22 08:26:14,419 - org.eclipse.mylyn.wikitext.tracwiki.core - 2.9.0.v20160513-1433
2016-08-22 08:26:14,535 - org.eclipse.mylyn.wikitext.twiki.core - 2.9.0.v20160519-0832
2016-08-22 08:26:14,547 - org.eclipse.mylyn.wikitext.ui - 2.9.0.v20160516-1547
2016-08-22 08:26:14,576 - org.eclipse.mylyn.wikitext.help.ui - 2.9.0.v20160524-0547
2016-08-22 08:26:14,637 - org.eclipse.mylyn.wikitext.textile.ui - 2.9.0.v20160513-1433
2016-08-22 08:26:14,676 - org.eclipse.mylyn.wikitext.markdown.ui - 2.9.0.v20160513-1433
2016-08-22 08:26:14,723 - org.eclipse.mylyn.wikitext.mediawiki.ui - 2.9.0.v20160513-1433
2016-08-22 08:26:14,772 - org.eclipse.mylyn.wikitext.confluence.ui - 2.9.0.v20160513-1433
2016-08-22 08:26:14,814 - org.eclipse.mylyn.wikitext.tracwiki.ui - 2.9.0.v20160513-1433
2016-08-22 08:26:14,857 - org.eclipse.mylyn.wikitext.twiki.ui - 2.9.0.v20160513-1433
2016-08-22 08:26:14,967 - org.eclipse.mylyn.wikitext.tasks.ui - 2.9.0.v20160513-1433
2016-08-22 08:26:15,037 - org.eclipse.mylyn.wikitext.context.ui - 2.9.0.v20160513-1433
2016-08-22 08:26:15,057 - org.eclipse.mylyn.wikitext.asciidoc.core - 2.9.0.v20160524-1633
2016-08-22 08:26:15,103 - org.eclipse.mylyn.wikitext.asciidoc.ui - 2.9.0.v20160516-1451
2016-08-22 08:26:15,178 - org.eclipse.emf.mapping.ecore.editor - 2.6.0.v20160526-0356
2016-08-22 08:26:15,301 - org.eclipse.emf.mapping.ecore2ecore.editor - 2.7.0.v20160526-0356
2016-08-22 08:26:15,321 - org.eclipse.emf.mapping.ecore2xml.ui - 2.8.0.v20160526-0356
2016-08-22 08:26:15,413 - org.eclipse.recommenders.mylyn.rcp - 2.4.0.v20160607-1609
2016-08-22 08:26:16,468 - org.apache.ant - 1.9.6.v201510161327
2016-08-22 08:26:16,485 - org.eclipse.ant.core - 3.4.100.v20160505-0642
2016-08-22 08:26:16,485 - com.jcraft.jsch - 0.1.53.v201508180515
2016-08-22 08:26:16,485 - org.eclipse.compare.core - 3.6.0.v20160418-1534
2016-08-22 08:26:16,501 - org.eclipse.compare - 3.6.0.v20160418-1534
2016-08-22 08:26:16,590 - org.eclipse.compare.win32 - 1.1.0.v20160418-1534
2016-08-22 08:26:16,605 - org.eclipse.core.filebuffers - 3.6.0.v20160503-1849
2016-08-22 08:26:16,606 - org.eclipse.core.filesystem - 1.6.0.v20160503-1608
2016-08-22 08:26:16,606 - org.eclipse.core.net - 1.3.0.v20160418-1534
2016-08-22 08:26:16,607 - org.eclipse.core.net.win32.x86_64 - 1.1.0.v20160323-1650
2016-08-22 08:26:16,607 - org.eclipse.core.resources - 3.11.0.v20160503-1608
2016-08-22 08:26:16,674 - org.eclipse.osgi.util - 3.3.100.v20150423-1351
2016-08-22 08:26:16,692 - org.eclipse.debug.core - 3.10.100.v20160419-1720
2016-08-22 08:26:16,721 - org.eclipse.debug.ui - 3.11.200.v20160518-1858
2016-08-22 08:26:16,722 - org.eclipse.equinox.event - 1.3.200.v20160324-1850
2016-08-22 08:26:16,764 - org.eclipse.ltk.core.refactoring - 3.7.0.v20160419-0705
2016-08-22 08:26:16,786 - org.eclipse.ltk.ui.refactoring - 3.8.0.v20160518-1817
2016-08-22 08:26:16,786 - org.eclipse.platform - 4.6.0.v20160606-1100
2016-08-22 08:26:16,832 - org.eclipse.platform.doc.user - 4.6.0.v20160606-1250
2016-08-22 08:26:16,848 - org.eclipse.search - 3.11.0.v20160519-1501
2016-08-22 08:26:16,859 - org.eclipse.team.core - 3.8.0.v20160418-1534
2016-08-22 08:26:16,883 - org.eclipse.team.ui - 3.8.0.v20160518-1906
2016-08-22 08:26:16,904 - org.eclipse.text - 3.6.0.v20160503-1849
2016-08-22 08:26:16,917 - org.eclipse.jface.text - 3.11.0.v20160505-1301
2016-08-22 08:26:16,919 - org.eclipse.jsch.core - 1.3.0.v20160422-1917
2016-08-22 08:26:16,937 - org.eclipse.jsch.ui - 1.3.0.v20160323-1650
2016-08-22 08:26:16,950 - org.eclipse.ui.console - 3.6.200.v20160518-1858
2016-08-22 08:26:16,975 - org.eclipse.ui.intro - 3.5.0.v20160509-1548
2016-08-22 08:26:16,994 - org.eclipse.ui.intro.universal - 3.3.0.v20160519-1604
2016-08-22 08:26:17,008 - org.eclipse.ui.cheatsheets - 3.5.0.v20160504-0839
2016-08-22 08:26:17,020 - org.eclipse.ui.browser - 3.5.0.v20160518-1929
2016-08-22 08:26:17,036 - org.eclipse.ui.monitoring - 1.1.0.v20160131-1628
2016-08-22 08:26:17,053 - org.eclipse.ui.navigator - 3.6.100.v20160518-1929
2016-08-22 08:26:17,063 - org.eclipse.ui.navigator.resources - 3.5.100.v20160518-1929
2016-08-22 08:26:17,063 - org.eclipse.ui.net - 1.3.0.v20160426-1633
2016-08-22 08:26:17,078 - org.eclipse.ui.workbench.texteditor - 3.10.0.v20160530-2011
2016-08-22 08:26:17,088 - org.eclipse.ui.views - 3.8.100.v20160518-1929
2016-08-22 08:26:17,090 - org.eclipse.ui.editors - 3.10.0.v20160505-0931
2016-08-22 08:26:17,101 - org.eclipse.ui.externaltools - 3.3.100.v20160518-1858
2016-08-22 08:26:17,124 - org.eclipse.ui.ide - 3.12.0.v20160601-1609
2016-08-22 08:26:17,124 - org.eclipse.ui.ide.application - 1.1.100.v20160518-1929
2016-08-22 08:26:17,124 - org.eclipse.ui.win32 - 3.3.0.v20160505-1310
2016-08-22 08:26:17,125 - org.eclipse.core.resources.win32.x86_64 - 3.5.0.v20140124-1940
2016-08-22 08:26:17,125 - org.eclipse.core.filesystem.win32.x86_64 - 1.4.0.v20140124-1940
2016-08-22 08:26:17,225 - org.eclipse.core.variables - 3.3.0.v20160419-1720
2016-08-22 08:26:17,237 - org.eclipse.ui.forms - 3.7.0.v20160518-1929
2016-08-22 08:26:17,248 - org.eclipse.ui.views.properties.tabbed - 3.7.0.v20160310-0903
2016-08-22 08:26:17,248 - org.eclipse.equinox.security - 1.2.200.v20150715-1528
2016-08-22 08:26:17,259 - org.eclipse.equinox.security.ui - 1.1.300.v20150803-1225
2016-08-22 08:26:17,260 - org.eclipse.equinox.security.win32.x86_64 - 1.0.100.v20130327-1442
2016-08-22 08:26:17,367 - org.eclipse.core.externaltools - 1.0.400.v20160509-1057
2016-08-22 08:26:17,367 - org.eclipse.ui.themes - 1.1.100.v20160411-1921
2016-08-22 08:26:17,368 - org.eclipse.core.runtime - 3.12.0.v20160606-1342
2016-08-22 08:26:17,430 - org.eclipse.ui.intro.quicklinks - 1.0.0.v20160515-0255
2016-08-22 08:26:17,470 - org.testng.eclipse - 6.9.12.201607091356
2016-08-22 08:26:17,546 - org.eclipse.mylyn.discovery.core - 3.20.0.v20160421-1819
2016-08-22 08:26:17,566 - org.eclipse.mylyn.discovery.ui - 3.20.0.v20160421-1819
2016-08-22 08:26:17,632 - org.eclipse.emf.ecore.edit - 2.9.0.v20160526-0356
2016-08-22 08:26:17,708 - org.eclipse.emf.ecore.change.edit - 2.6.0.v20160526-0356
2016-08-22 08:26:17,784 - org.eclipse.sequoyah.vnc.protocol - 2.1.0.N20120718-0509
2016-08-22 08:26:17,867 - org.eclipse.emf.mapping.ecore - 2.6.0.v20160526-0356
2016-08-22 08:26:17,973 - org.eclipse.emf.mapping.ecore2ecore - 2.9.0.v20160526-0356
2016-08-22 08:26:18,079 - org.eclipse.emf.mapping.ecore2xml - 2.9.0.v20160526-0356
2016-08-22 08:26:18,148 - org.eclipse.mylyn.versions.core - 1.12.0.v20160421-1824
2016-08-22 08:26:18,198 - org.eclipse.mylyn.versions.ui - 1.12.0.v20160421-1824
2016-08-22 08:26:18,269 - org.eclipse.andmore.traceview - 0.5.0.201605181018
2016-08-22 08:26:18,315 - org.eclipse.sequoyah.localization.android - 2.1.0.N20120718-0509
2016-08-22 08:26:18,332 - org.eclipse.sequoyah.localization.android.help - 2.1.1.N20120718-0509
2016-08-22 08:26:18,405 - org.eclipse.m2e.logback.configuration - 1.7.0.20160603-1933
2016-08-22 08:26:18,406 - org.eclipse.m2e.logback.appender - 1.7.0.20160603-1933
2016-08-22 08:26:18,453 - org.eclipse.emf.codegen - 2.11.0.v20160526-0356
2016-08-22 08:26:18,495 - org.eclipse.wst.dtd.ui - 1.0.801.v201308100602
2016-08-22 08:26:18,546 - org.eclipse.wst.dtd.ui.infopop - 1.0.400.v201309112106
2016-08-22 08:26:18,589 - org.eclipse.wst.sse.ui.infopop - 1.0.300.v201309112106
2016-08-22 08:26:18,644 - org.eclipse.wst.xml.ui.infopop - 1.0.400.v201309112106
2016-08-22 08:26:18,653 - org.eclipse.wst.sse.ui - 1.3.500.v201605120129
2016-08-22 08:26:18,653 - org.eclipse.wst.xml.ui - 1.1.700.v201604272318
2016-08-22 08:26:18,736 - org.eclipse.wst.xsd.ui - 1.2.600.v201511240159
2016-08-22 08:26:18,803 - org.eclipse.emf - 2.6.0.v20160526-0356
2016-08-22 08:26:18,870 - org.eclipse.datatools.doc.user - 1.7.0.20090521092446
2016-08-22 08:26:18,915 - org.eclipse.datatools.oda.cshelp - 1.2.0.201603142002
2016-08-22 08:26:18,915 - org.eclipse.datatools.help - 1.6.0.201603142002
2016-08-22 08:26:18,970 - org.eclipse.mylyn.tasks.bugs - 3.20.0.v20160425-1835
2016-08-22 08:26:18,998 - org.eclipse.mylyn.help.ui - 3.20.0.v20160425-1835
2016-08-22 08:26:19,044 - org.eclipse.draw2d - 3.10.100.201606061308
2016-08-22 08:26:19,103 - org.eclipse.emf.edit - 2.12.0.v20160526-0356
2016-08-22 08:26:19,174 - org.eclipse.mylyn.commons.core - 3.20.0.v20160421-1819
2016-08-22 08:26:19,189 - org.eclipse.mylyn.commons.screenshots - 3.20.0.v20160421-1819
2016-08-22 08:26:19,195 - org.eclipse.mylyn.commons.ui - 3.20.0.v20160421-1819
2016-08-22 08:26:19,214 - org.eclipse.mylyn.commons.workbench - 3.20.0.v20160421-1819
2016-08-22 08:26:19,320 - org.eclipse.mylyn.bugzilla.ide - 3.20.0.v20160421-1902
2016-08-22 08:26:19,431 - org.eclipse.mylyn.ide.ui - 3.20.0.v20160421-1902
2016-08-22 08:26:19,505 - org.eclipse.emf.databinding.edit - 1.3.0.v20160526-0356
2016-08-22 08:26:19,555 - org.eclipse.emf.codegen.ecore - 2.12.0.v20160526-0356
2016-08-22 08:26:19,665 - org.eclipse.emf.ant - 2.8.0.v20160526-0356
2016-08-22 08:26:20,290 - org.eclipse.m2e.archetype.common - 1.7.0.20160603-1931
2016-08-22 08:26:20,498 - org.eclipse.m2e.maven.indexer - 1.7.0.20160603-1931
2016-08-22 08:26:20,517 - org.eclipse.m2e.model.edit - 1.7.0.20160603-1933
2016-08-22 08:26:20,517 - org.eclipse.m2e.core - 1.7.0.20160603-1933
2016-08-22 08:26:20,546 - org.eclipse.m2e.launching - 1.7.0.20160603-1933
2016-08-22 08:26:20,616 - org.eclipse.m2e.workspace.cli - 0.3.1
2016-08-22 08:26:20,727 - org.eclipse.m2e.jdt - 1.7.0.20160603-1933
2016-08-22 08:26:20,746 - org.eclipse.m2e.editor - 1.7.0.20160603-1933
2016-08-22 08:26:20,758 - org.eclipse.m2e.editor.xml - 1.7.0.20160603-1933
2016-08-22 08:26:22,676 - org.eclipse.m2e.maven.runtime - 1.7.0.20160603-1931
2016-08-22 08:26:22,800 - org.eclipse.m2e.maven.runtime.slf4j.simple - 1.7.0.20160603-1931
2016-08-22 08:26:22,816 - org.eclipse.m2e.refactoring - 1.7.0.20160603-1933
2016-08-22 08:26:22,857 - org.eclipse.m2e.lifecyclemapping.defaults - 1.7.0.20160603-1933
2016-08-22 08:26:22,873 - org.eclipse.m2e.discovery - 1.7.0.20160603-1933
2016-08-22 08:26:22,880 - org.eclipse.m2e.core.ui - 1.7.0.20160603-1933
2016-08-22 08:26:22,890 - org.eclipse.m2e.scm - 1.7.0.20160603-1933
2016-08-22 08:26:22,890 - org.eclipse.m2e.jdt.ui - 1.7.0.20160603-1933
2016-08-22 08:26:22,960 - org.eclipse.m2e.profiles.core - 1.7.0.20160603-1933
2016-08-22 08:26:23,062 - org.eclipse.m2e.profiles.ui - 1.7.0.20160603-1933
2016-08-22 08:26:23,124 - org.eclipse.m2e.importer - 1.7.0.20160603-1933
2016-08-22 08:26:23,153 - org.eclipse.andmore.ndk - 0.5.0.201605181018
2016-08-22 08:26:23,197 - org.eclipse.andmore.gldebugger - 0.5.0.201605181018
2016-08-22 08:26:23,305 - org.eclipse.mylyn.hudson.core - 1.12.0.v20160524-1837
2016-08-22 08:26:23,392 - org.eclipse.mylyn.hudson.ui - 1.12.0.v20160421-2142
2016-08-22 08:26:23,439 - org.eclipse.epp.mpc.core - 1.5.0.v20160608-1457
2016-08-22 08:26:23,439 - org.eclipse.epp.mpc.ui - 1.5.0.v20160608-1804
2016-08-22 08:26:23,457 - org.eclipse.epp.mpc.help.ui - 1.5.0.v20160524-1910
2016-08-22 08:26:23,457 - org.apache.httpcomponents.httpclient - 4.3.6.v201511171540
2016-08-22 08:26:23,457 - org.apache.httpcomponents.httpcore - 4.3.3.v201411290715
2016-08-22 08:26:23,552 - org.eclipse.datatools.connectivity.oda.consumer - 3.3.0.201603142002
2016-08-22 08:26:23,604 - org.eclipse.datatools.connectivity.oda.design - 3.4.0.201603142002
2016-08-22 08:26:23,721 - org.eclipse.datatools.connectivity.oda.profile - 3.3.0.201603142002
2016-08-22 08:26:23,721 - org.eclipse.datatools.connectivity.oda - 3.5.0.201603142002
2016-08-22 08:26:23,721 - org.eclipse.datatools.connectivity - 1.13.0.201603142002
2016-08-22 08:26:23,935 - org.eclipse.mylyn.git.core - 1.12.0.v20160421-1824
2016-08-22 08:26:24,000 - org.eclipse.mylyn.git.ui - 1.12.0.v20160421-1824
2016-08-22 08:26:24,058 - org.eclipse.andmore.android.certmanager - 0.5.0.201605181018
2016-08-22 08:26:24,117 - org.eclipse.recommenders.snipmatch - 2.4.0.v20160607-1609
2016-08-22 08:26:24,117 - org.eclipse.recommenders.snipmatch.rcp - 2.4.0.v20160607-1609
2016-08-22 08:26:24,168 - org.eclipse.cdt.gdb - 7.0.0.201606062011
2016-08-22 08:26:24,217 - org.eclipse.cdt.gdb.ui - 7.0.0.201606062011
2016-08-22 08:26:24,259 - org.eclipse.pde - 3.12.0.v20160606-1100
2016-08-22 08:26:24,354 - org.eclipse.pde.build - 3.9.200.v20160204-0642
2016-08-22 08:26:24,367 - org.eclipse.pde.core - 3.11.0.v20160510-1223
2016-08-22 08:26:24,444 - org.eclipse.pde.junit.runtime - 3.5.0.v20151013-0625
2016-08-22 08:26:24,451 - org.eclipse.pde.runtime - 3.5.0.v20160418-1724
2016-08-22 08:26:24,475 - org.eclipse.pde.ui - 3.9.0.v20160525-1830
2016-08-22 08:26:24,518 - org.eclipse.pde.doc.user - 3.12.0.v20160601-2148
2016-08-22 08:26:24,541 - org.eclipse.pde.ui.templates - 3.6.0.v20160424-1948
2016-08-22 08:26:24,550 - org.eclipse.ui.views.log - 1.2.0.v20160418-1724
2016-08-22 08:26:24,550 - org.objectweb.asm - 5.0.1.v201404251740
2016-08-22 08:26:24,704 - org.objectweb.asm.tree - 5.0.1.v201404251740
2016-08-22 08:26:24,720 - org.eclipse.pde.api.tools - 1.1.0.v20160508-0834
2016-08-22 08:26:24,778 - org.eclipse.pde.api.tools.annotations - 1.0.100.v20160418-1724
2016-08-22 08:26:24,794 - org.eclipse.pde.api.tools.ui - 1.1.0.v20160519-0701
2016-08-22 08:26:24,802 - org.eclipse.pde.ds.core - 1.1.0.v20151201-1325
2016-08-22 08:26:24,826 - org.eclipse.pde.ds.ui - 1.1.0.v20160518-1843
2016-08-22 08:26:24,827 - org.eclipse.pde.launching - 3.6.400.v20160121-1248
2016-08-22 08:26:24,845 - org.eclipse.pde.ua.core - 1.0.500.v20160204-0642
2016-08-22 08:26:24,868 - org.eclipse.pde.ua.ui - 1.1.0.v20160518-1843
2016-08-22 08:26:24,869 - org.eclipse.ui.trace - 1.0.400.v20160509-1055
2016-08-22 08:26:24,892 - org.eclipse.pde.ds.annotations - 1.0.0.v20160525-1437
2016-08-22 08:26:24,957 - org.eclipse.sequoyah.localization.tools - 2.1.0.N20120718-0509
2016-08-22 08:26:24,978 - org.eclipse.sequoyah.localization.editor - 2.1.0.N20120718-0509
2016-08-22 08:26:25,091 - net.sourceforge.lpg.lpgjavaruntime - 1.1.0.v201004271650
2016-08-22 08:26:25,109 - org.eclipse.datatools.sqltools.parsers.sql.lexer - 1.1.0.201603142002
2016-08-22 08:26:25,139 - org.eclipse.datatools.sqltools.parsers.sql.query - 1.3.0.201603142002
2016-08-22 08:26:25,289 - org.eclipse.datatools.sqltools.parsers.sql.xml.query - 1.1.0.201603142002
2016-08-22 08:26:25,290 - org.eclipse.datatools.sqltools.parsers.sql - 1.1.0.201603142002
2016-08-22 08:26:25,407 - org.eclipse.mylyn.java.ui - 3.20.0.v20160421-1902
2016-08-22 08:26:25,511 - org.eclipse.mylyn.java.tasks - 3.20.0.v20160421-1902
2016-08-22 08:26:25,511 - org.eclipse.mylyn.ide.ui - 3.20.0.v20160421-1902
2016-08-22 08:26:25,567 - org.eclipse.mylyn.ide.ant - 3.20.0.v20160421-1902
2016-08-22 08:26:25,659 - org.eclipse.mylyn.debug.ui - 3.20.0.v20160421-1902
2016-08-22 08:26:25,740 - org.eclipse.mylyn.team.ui - 3.20.0.v20160421-1902
2016-08-22 08:26:25,789 - org.eclipse.datatools.sqltools.sql - 1.1.0.201603142002
2016-08-22 08:26:25,789 - org.eclipse.datatools.sqltools.common.ui - 1.1.0.201603142002
2016-08-22 08:26:25,789 - org.eclipse.datatools.sqltools.plan - 1.1.0.201603142002
2016-08-22 08:26:25,789 - org.eclipse.datatools.sqltools.editor.core - 1.1.0.201603142002
2016-08-22 08:26:25,789 - org.eclipse.datatools.sqltools.sqleditor - 1.1.0.201603142002
2016-08-22 08:26:25,789 - org.eclipse.datatools.sqltools.ddlgen.ui - 1.1.0.201603142002
2016-08-22 08:26:25,874 - org.eclipse.datatools.connectivity.db.generic - 1.1.0.201603142002
2016-08-22 08:26:25,874 - org.eclipse.datatools.sqltools.editor.core.ui - 1.1.0.201603142002
2016-08-22 08:26:25,874 - org.eclipse.datatools.sqltools.sql.ui - 1.1.0.201603142002
2016-08-22 08:26:25,933 - org.eclipse.emf.common.ui - 2.11.0.v20160526-0356
2016-08-22 08:26:25,992 - org.eclipse.mylyn.commons.repositories.core - 1.12.0.v20160421-1819
2016-08-22 08:26:25,993 - org.eclipse.mylyn.commons.repositories.ui - 1.12.0.v20160421-1819
2016-08-22 08:26:26,061 - org.eclipse.sequoyah.device.common.utilities - 2.1.0.N20120718-0509
2016-08-22 08:26:26,126 - org.eclipse.andmore.android.common - 0.5.0.201605181018
2016-08-22 08:26:26,146 - org.eclipse.andmore.android.codeutils - 0.5.0.201605181018
2016-08-22 08:26:26,300 - org.eclipse.andmore.android.translation - 0.5.0.201605181018
2016-08-22 08:26:26,329 - org.eclipse.andmore.android.codesnippets - 0.5.0.201605181018
2016-08-22 08:26:26,342 - org.eclipse.andmore.android.db.core - 0.5.0.201605181018
2016-08-22 08:26:26,342 - org.eclipse.andmore.android.logger - 0.5.0.201605181018
2016-08-22 08:26:26,421 - org.eclipse.andmore.android - 0.5.0.201605181018
2016-08-22 08:26:26,439 - org.eclipse.andmore.android.emulator - 0.5.0.201605181018
2016-08-22 08:26:26,463 - org.eclipse.andmore.android.launch - 0.5.0.201605181018
2016-08-22 08:26:26,465 - org.eclipse.andmore.android.packaging.ui - 0.5.0.201605181018
2016-08-22 08:26:26,586 - org.eclipse.andmore.android.handset - 0.5.0.201605181018
2016-08-22 08:26:26,586 - org.eclipse.andmore.android.remote - 0.5.0.201605181018
2016-08-22 08:26:26,587 - org.eclipse.andmore.android.win32.x86_64 - 0.5.0.201605181018
2016-08-22 08:26:26,587 - org.eclipse.andmore.android.mat - 0.5.0.201605181018
2016-08-22 08:26:26,599 - org.eclipse.andmore.android.devices.services - 0.5.0.201605181018
2016-08-22 08:26:26,599 - org.eclipse.andmore.android.db.devices - 0.5.0.201605181018
2016-08-22 08:26:26,650 - org.eclipse.andmore.android.installer - 0.5.0.201605181018
2016-08-22 08:26:26,757 - org.eclipse.andmore.android.logger.collector - 0.5.0.201605181018
2016-08-22 08:26:26,829 - org.eclipse.emf.mapping.ui - 2.7.0.v20160526-0356
2016-08-22 08:26:26,914 - org.eclipse.mylyn.monitor.core - 3.20.0.v20160421-1819
2016-08-22 08:26:26,915 - org.eclipse.mylyn.monitor.ui - 3.20.0.v20160421-1819
2016-08-22 08:26:27,005 - org.eclipse.datatools.connectivity.oda.template.ui - 3.3.0.201603142002
2016-08-22 08:26:27,083 - org.eclipse.sequoyah.vnc.vncviewer - 2.1.0.N20120718-0509
2016-08-22 08:26:27,174 - org.eclipse.emf.codegen.ecore.ui - 2.12.0.v20160526-0356
2016-08-22 08:26:27,244 - org.eclipse.emf.ecore.editor - 2.12.0.v20160526-0356
2016-08-22 08:26:27,310 - org.eclipse.epp.package.android - 4.6.0.20160613-1800
2016-08-22 08:26:27,386 - org.eclipse.mylyn.builds.core - 1.12.0.v20160421-2142
2016-08-22 08:26:27,404 - org.eclipse.mylyn.builds.ui - 1.12.0.v20160421-2142
2016-08-22 08:26:27,455 - org.eclipse.mylyn.context.core - 3.20.0.v20160421-1902
2016-08-22 08:26:27,473 - org.eclipse.mylyn.context.ui - 3.20.0.v20160421-1902
2016-08-22 08:26:27,487 - org.eclipse.mylyn.resources.ui - 3.20.0.v20160421-1902
2016-08-22 08:26:27,488 - org.eclipse.mylyn.context.tasks.ui - 3.20.0.v20160608-1905
2016-08-22 08:26:27,554 - org.eclipse.emf.databinding - 1.3.0.v20160526-0356
2016-08-22 08:26:27,620 - org.eclipse.datatools.connectivity.sqm.core.ui - 1.3.0.201603142002
2016-08-22 08:26:27,621 - org.eclipse.datatools.connectivity.sqm.core - 1.3.0.201603142002
2016-08-22 08:26:27,638 - org.eclipse.datatools.connectivity.sqm.server.ui - 1.2.0.201603142002
2016-08-22 08:26:27,638 - org.eclipse.datatools.connectivity.ui.dse - 1.2.0.201603142002
2016-08-22 08:26:27,638 - org.eclipse.datatools.connectivity.ui - 1.3.0.201603142002
2016-08-22 08:26:27,638 - org.eclipse.datatools.connectivity - 1.13.0.201603142002
2016-08-22 08:26:27,638 - org.eclipse.datatools.help - 1.6.0.201603142002
2016-08-22 08:26:27,738 - org.eclipse.datatools.connectivity.console.profile - 1.1.0.201603142002
2016-08-22 08:26:27,807 - org.eclipse.oomph.setup - 1.4.0.v20160530-1355
2016-08-22 08:26:27,817 - org.eclipse.oomph.setup.edit - 1.4.0.v20160426-0423
2016-08-22 08:26:27,817 - org.eclipse.oomph.setup.core - 1.4.0.v20160530-1200
2016-08-22 08:26:27,838 - org.eclipse.oomph.setup.sync - 1.4.0.v20160426-0423
2016-08-22 08:26:27,971 - org.eclipse.oomph.setup.p2 - 1.4.0.v20160530-1200
2016-08-22 08:26:27,972 - org.eclipse.oomph.setup.p2.edit - 1.4.0.v20160426-0423
2016-08-22 08:26:27,989 - org.eclipse.oomph.preferences - 1.4.0.v20160426-0423
2016-08-22 08:26:28,120 - org.eclipse.oomph.jreinfo - 1.4.0.v20160519-0740
2016-08-22 08:26:28,120 - org.eclipse.oomph.jreinfo.win32.x86_64 - 1.2.0.v20160426-0508
2016-08-22 08:26:28,188 - org.eclipse.oomph.extractor.lib - 1.2.0.v20160519-0740
2016-08-22 08:26:28,188 - org.apache.commons.logging - 1.1.1.v201101211721
2016-08-22 08:26:28,188 - org.apache.commons.codec - 1.6.0.v201305230611
2016-08-22 08:26:28,188 - org.apache.httpcomponents.httpclient - 4.3.6.v201511171540
2016-08-22 08:26:28,188 - org.apache.httpcomponents.httpcore - 4.3.3.v201411290715
2016-08-22 08:26:28,202 - org.eclipse.userstorage - 1.0.0.v20160524-0709
2016-08-22 08:26:28,212 - org.eclipse.userstorage.ui - 1.0.0.v20151216-0912
